2020-09-04 15:59:21.065 |-ERROR [pool-2-thread-1] com.hik.service.FaceAttendanceService [124] -| 【调用人脸考勤出入记录按起止时间查询接口失败】startTime = 2020-09-04 15:58:00 , endTime = 2020-09-04 15:59:00 ,e={}
org.apache.commons.httpclient.NoHttpResponseException: The server 218.21.36.18 failed to respond
	at org.apache.commons.httpclient.HttpMethodBase.readStatusLine(HttpMethodBase.java:1976) ~[commons-httpclient-3.1.jar:na]
	at org.apache.commons.httpclient.HttpMethodBase.readResponse(HttpMethodBase.java:1735) ~[commons-httpclient-3.1.jar:na]
	at org.apache.commons.httpclient.HttpMethodBase.execute(HttpMethodBase.java:1098) ~[commons-httpclient-3.1.jar:na]
	at org.apache.commons.httpclient.HttpMethodDirector.executeWithRetry(HttpMethodDirector.java:398) ~[commons-httpclient-3.1.jar:na]
	at org.apache.commons.httpclient.HttpMethodDirector.executeMethod(HttpMethodDirector.java:171) ~[commons-httpclient-3.1.jar:na]
	at org.apache.commons.httpclient.HttpClient.executeMethod(HttpClient.java:397) ~[commons-httpclient-3.1.jar:na]
	at org.apache.commons.httpclient.HttpClient.executeMethod(HttpClient.java:323) ~[commons-httpclient-3.1.jar:na]
	at com.hik.util.HttpUtil.post(HttpUtil.java:31) ~[classes/:na]
	at com.hik.service.FaceAttendanceService.queryWithTime(FaceAttendanceService.java:121) [classes/:na]
	at com.hik.service.FaceAttendanceService.call(FaceAttendanceService.java:48) [classes/:na]
	at com.hik.service.FaceAttendanceService$$FastClassBySpringCGLIB$$8c241785.invoke(<generated>) [classes/:na]
	at org.springframework.cglib.proxy.MethodProxy.invoke(MethodProxy.java:204) [spring-core-4.3.10.RELEASE.jar:4.3.10.RELEASE]
	at org.springframework.aop.framework.CglibAopProxy$DynamicAdvisedInterceptor.intercept(CglibAopProxy.java:669) [spring-aop-4.3.10.RELEASE.jar:4.3.10.RELEASE]
	at com.hik.service.FaceAttendanceService$$EnhancerBySpringCGLIB$$9f9fd2ec.call(<generated>) [classes/:na]
	at com.hik.service.SchedulerService.testTasks(SchedulerService.java:38) [classes/:na]
	at sun.reflect.NativeMethodAccessorImpl.invoke0(Native Method) ~[na:1.8.0_251]
	at sun.reflect.NativeMethodAccessorImpl.invoke(NativeMethodAccessorImpl.java:62) ~[na:1.8.0_251]
	at sun.reflect.DelegatingMethodAccessorImpl.invoke(DelegatingMethodAccessorImpl.java:43) ~[na:1.8.0_251]
	at java.lang.reflect.Method.invoke(Method.java:498) ~[na:1.8.0_251]
	at org.springframework.scheduling.support.ScheduledMethodRunnable.run(ScheduledMethodRunnable.java:65) [spring-context-4.3.10.RELEASE.jar:4.3.10.RELEASE]
	at org.springframework.scheduling.support.DelegatingErrorHandlingRunnable.run(DelegatingErrorHandlingRunnable.java:54) [spring-context-4.3.10.RELEASE.jar:4.3.10.RELEASE]
	at org.springframework.scheduling.concurrent.ReschedulingRunnable.run(ReschedulingRunnable.java:81) [spring-context-4.3.10.RELEASE.jar:4.3.10.RELEASE]
	at java.util.concurrent.Executors$RunnableAdapter.call(Executors.java:511) [na:1.8.0_251]
	at java.util.concurrent.FutureTask.run$$$capture(FutureTask.java:266) [na:1.8.0_251]
	at java.util.concurrent.FutureTask.run(FutureTask.java) [na:1.8.0_251]
	at java.util.concurrent.ScheduledThreadPoolExecutor$ScheduledFutureTask.access$201(ScheduledThreadPoolExecutor.java:180) [na:1.8.0_251]
	at java.util.concurrent.ScheduledThreadPoolExecutor$ScheduledFutureTask.run(ScheduledThreadPoolExecutor.java:293) [na:1.8.0_251]
	at java.util.concurrent.ThreadPoolExecutor.runWorker(ThreadPoolExecutor.java:1149) [na:1.8.0_251]
	at java.util.concurrent.ThreadPoolExecutor$Worker.run(ThreadPoolExecutor.java:624) [na:1.8.0_251]
	at java.lang.Thread.run(Thread.java:748) [na:1.8.0_251]
2020-09-04 15:59:21.067 |-ERROR [pool-2-thread-1] com.hik.service.SchedulerService [40] -| 【自动任务调用人脸考勤接口异常】 startTime = 2020-09-04 15:58:00 , endTime = 2020-09-04 15:59:00
com.hik.exception.PayException: 调用人脸接口失败
	at com.hik.service.FaceAttendanceService.queryWithTime(FaceAttendanceService.java:125) ~[classes/:na]
	at com.hik.service.FaceAttendanceService.call(FaceAttendanceService.java:48) ~[classes/:na]
	at com.hik.service.FaceAttendanceService$$FastClassBySpringCGLIB$$8c241785.invoke(<generated>) ~[classes/:na]
	at org.springframework.cglib.proxy.MethodProxy.invoke(MethodProxy.java:204) ~[spring-core-4.3.10.RELEASE.jar:4.3.10.RELEASE]
	at org.springframework.aop.framework.CglibAopProxy$DynamicAdvisedInterceptor.intercept(CglibAopProxy.java:669) ~[spring-aop-4.3.10.RELEASE.jar:4.3.10.RELEASE]
	at com.hik.service.FaceAttendanceService$$EnhancerBySpringCGLIB$$9f9fd2ec.call(<generated>) ~[classes/:na]
	at com.hik.service.SchedulerService.testTasks(SchedulerService.java:38) ~[classes/:na]
	at sun.reflect.NativeMethodAccessorImpl.invoke0(Native Method) ~[na:1.8.0_251]
	at sun.reflect.NativeMethodAccessorImpl.invoke(NativeMethodAccessorImpl.java:62) ~[na:1.8.0_251]
	at sun.reflect.DelegatingMethodAccessorImpl.invoke(DelegatingMethodAccessorImpl.java:43) ~[na:1.8.0_251]
	at java.lang.reflect.Method.invoke(Method.java:498) ~[na:1.8.0_251]
	at org.springframework.scheduling.support.ScheduledMethodRunnable.run(ScheduledMethodRunnable.java:65) [spring-context-4.3.10.RELEASE.jar:4.3.10.RELEASE]
	at org.springframework.scheduling.support.DelegatingErrorHandlingRunnable.run(DelegatingErrorHandlingRunnable.java:54) [spring-context-4.3.10.RELEASE.jar:4.3.10.RELEASE]
	at org.springframework.scheduling.concurrent.ReschedulingRunnable.run(ReschedulingRunnable.java:81) [spring-context-4.3.10.RELEASE.jar:4.3.10.RELEASE]
	at java.util.concurrent.Executors$RunnableAdapter.call(Executors.java:511) [na:1.8.0_251]
	at java.util.concurrent.FutureTask.run$$$capture(FutureTask.java:266) [na:1.8.0_251]
	at java.util.concurrent.FutureTask.run(FutureTask.java) [na:1.8.0_251]
	at java.util.concurrent.ScheduledThreadPoolExecutor$ScheduledFutureTask.access$201(ScheduledThreadPoolExecutor.java:180) [na:1.8.0_251]
	at java.util.concurrent.ScheduledThreadPoolExecutor$ScheduledFutureTask.run(ScheduledThreadPoolExecutor.java:293) [na:1.8.0_251]
	at java.util.concurrent.ThreadPoolExecutor.runWorker(ThreadPoolExecutor.java:1149) [na:1.8.0_251]
	at java.util.concurrent.ThreadPoolExecutor$Worker.run(ThreadPoolExecutor.java:624) [na:1.8.0_251]
	at java.lang.Thread.run(Thread.java:748) [na:1.8.0_251]
2020-09-04 15:59:50.749 |-ERROR [pool-2-thread-1] com.hik.service.FaceAttendanceService [124] -| 【调用人脸考勤出入记录按起止时间查询接口失败】startTime = 2020-09-04 15:58:30 , endTime = 2020-09-04 15:59:30 ,e={}
org.apache.commons.httpclient.NoHttpResponseException: The server 218.21.36.18 failed to respond
	at org.apache.commons.httpclient.HttpMethodBase.readStatusLine(HttpMethodBase.java:1976) ~[commons-httpclient-3.1.jar:na]
	at org.apache.commons.httpclient.HttpMethodBase.readResponse(HttpMethodBase.java:1735) ~[commons-httpclient-3.1.jar:na]
	at org.apache.commons.httpclient.HttpMethodBase.execute(HttpMethodBase.java:1098) ~[commons-httpclient-3.1.jar:na]
	at org.apache.commons.httpclient.HttpMethodDirector.executeWithRetry(HttpMethodDirector.java:398) ~[commons-httpclient-3.1.jar:na]
	at org.apache.commons.httpclient.HttpMethodDirector.executeMethod(HttpMethodDirector.java:171) ~[commons-httpclient-3.1.jar:na]
	at org.apache.commons.httpclient.HttpClient.executeMethod(HttpClient.java:397) ~[commons-httpclient-3.1.jar:na]
	at org.apache.commons.httpclient.HttpClient.executeMethod(HttpClient.java:323) ~[commons-httpclient-3.1.jar:na]
	at com.hik.util.HttpUtil.post(HttpUtil.java:31) ~[classes/:na]
	at com.hik.service.FaceAttendanceService.queryWithTime(FaceAttendanceService.java:121) [classes/:na]
	at com.hik.service.FaceAttendanceService.call(FaceAttendanceService.java:48) [classes/:na]
	at com.hik.service.FaceAttendanceService$$FastClassBySpringCGLIB$$8c241785.invoke(<generated>) [classes/:na]
	at org.springframework.cglib.proxy.MethodProxy.invoke(MethodProxy.java:204) [spring-core-4.3.10.RELEASE.jar:4.3.10.RELEASE]
	at org.springframework.aop.framework.CglibAopProxy$DynamicAdvisedInterceptor.intercept(CglibAopProxy.java:669) [spring-aop-4.3.10.RELEASE.jar:4.3.10.RELEASE]
	at com.hik.service.FaceAttendanceService$$EnhancerBySpringCGLIB$$9f9fd2ec.call(<generated>) [classes/:na]
	at com.hik.service.SchedulerService.testTasks(SchedulerService.java:38) [classes/:na]
	at sun.reflect.NativeMethodAccessorImpl.invoke0(Native Method) ~[na:1.8.0_251]
	at sun.reflect.NativeMethodAccessorImpl.invoke(NativeMethodAccessorImpl.java:62) ~[na:1.8.0_251]
	at sun.reflect.DelegatingMethodAccessorImpl.invoke(DelegatingMethodAccessorImpl.java:43) ~[na:1.8.0_251]
	at java.lang.reflect.Method.invoke(Method.java:498) ~[na:1.8.0_251]
	at org.springframework.scheduling.support.ScheduledMethodRunnable.run(ScheduledMethodRunnable.java:65) [spring-context-4.3.10.RELEASE.jar:4.3.10.RELEASE]
	at org.springframework.scheduling.support.DelegatingErrorHandlingRunnable.run(DelegatingErrorHandlingRunnable.java:54) [spring-context-4.3.10.RELEASE.jar:4.3.10.RELEASE]
	at org.springframework.scheduling.concurrent.ReschedulingRunnable.run(ReschedulingRunnable.java:81) [spring-context-4.3.10.RELEASE.jar:4.3.10.RELEASE]
	at java.util.concurrent.Executors$RunnableAdapter.call(Executors.java:511) [na:1.8.0_251]
	at java.util.concurrent.FutureTask.run$$$capture(FutureTask.java:266) [na:1.8.0_251]
	at java.util.concurrent.FutureTask.run(FutureTask.java) [na:1.8.0_251]
	at java.util.concurrent.ScheduledThreadPoolExecutor$ScheduledFutureTask.access$201(ScheduledThreadPoolExecutor.java:180) [na:1.8.0_251]
	at java.util.concurrent.ScheduledThreadPoolExecutor$ScheduledFutureTask.run(ScheduledThreadPoolExecutor.java:293) [na:1.8.0_251]
	at java.util.concurrent.ThreadPoolExecutor.runWorker(ThreadPoolExecutor.java:1149) [na:1.8.0_251]
	at java.util.concurrent.ThreadPoolExecutor$Worker.run(ThreadPoolExecutor.java:624) [na:1.8.0_251]
	at java.lang.Thread.run(Thread.java:748) [na:1.8.0_251]
2020-09-04 15:59:50.755 |-ERROR [pool-2-thread-1] com.hik.service.SchedulerService [40] -| 【自动任务调用人脸考勤接口异常】 startTime = 2020-09-04 15:58:30 , endTime = 2020-09-04 15:59:30
com.hik.exception.PayException: 调用人脸接口失败
	at com.hik.service.FaceAttendanceService.queryWithTime(FaceAttendanceService.java:125) ~[classes/:na]
	at com.hik.service.FaceAttendanceService.call(FaceAttendanceService.java:48) ~[classes/:na]
	at com.hik.service.FaceAttendanceService$$FastClassBySpringCGLIB$$8c241785.invoke(<generated>) ~[classes/:na]
	at org.springframework.cglib.proxy.MethodProxy.invoke(MethodProxy.java:204) ~[spring-core-4.3.10.RELEASE.jar:4.3.10.RELEASE]
	at org.springframework.aop.framework.CglibAopProxy$DynamicAdvisedInterceptor.intercept(CglibAopProxy.java:669) ~[spring-aop-4.3.10.RELEASE.jar:4.3.10.RELEASE]
	at com.hik.service.FaceAttendanceService$$EnhancerBySpringCGLIB$$9f9fd2ec.call(<generated>) ~[classes/:na]
	at com.hik.service.SchedulerService.testTasks(SchedulerService.java:38) ~[classes/:na]
	at sun.reflect.NativeMethodAccessorImpl.invoke0(Native Method) ~[na:1.8.0_251]
	at sun.reflect.NativeMethodAccessorImpl.invoke(NativeMethodAccessorImpl.java:62) ~[na:1.8.0_251]
	at sun.reflect.DelegatingMethodAccessorImpl.invoke(DelegatingMethodAccessorImpl.java:43) ~[na:1.8.0_251]
	at java.lang.reflect.Method.invoke(Method.java:498) ~[na:1.8.0_251]
	at org.springframework.scheduling.support.ScheduledMethodRunnable.run(ScheduledMethodRunnable.java:65) [spring-context-4.3.10.RELEASE.jar:4.3.10.RELEASE]
	at org.springframework.scheduling.support.DelegatingErrorHandlingRunnable.run(DelegatingErrorHandlingRunnable.java:54) [spring-context-4.3.10.RELEASE.jar:4.3.10.RELEASE]
	at org.springframework.scheduling.concurrent.ReschedulingRunnable.run(ReschedulingRunnable.java:81) [spring-context-4.3.10.RELEASE.jar:4.3.10.RELEASE]
	at java.util.concurrent.Executors$RunnableAdapter.call(Executors.java:511) [na:1.8.0_251]
	at java.util.concurrent.FutureTask.run$$$capture(FutureTask.java:266) [na:1.8.0_251]
	at java.util.concurrent.FutureTask.run(FutureTask.java) [na:1.8.0_251]
	at java.util.concurrent.ScheduledThreadPoolExecutor$ScheduledFutureTask.access$201(ScheduledThreadPoolExecutor.java:180) [na:1.8.0_251]
	at java.util.concurrent.ScheduledThreadPoolExecutor$ScheduledFutureTask.run(ScheduledThreadPoolExecutor.java:293) [na:1.8.0_251]
	at java.util.concurrent.ThreadPoolExecutor.runWorker(ThreadPoolExecutor.java:1149) [na:1.8.0_251]
	at java.util.concurrent.ThreadPoolExecutor$Worker.run(ThreadPoolExecutor.java:624) [na:1.8.0_251]
	at java.lang.Thread.run(Thread.java:748) [na:1.8.0_251]
